
+==============================================================================+
|                             Quantum Monte Carlo                              |
+==============================================================================+


+------------------------------------------------------------------------------+
|                                Initialization                                |
+------------------------------------------------------------------------------+

Debugging:
potential ok

Reading input...

title: H atom

Number of electrons: 1
Charge: 0
Total number of electrons: 1
xyz (in a.u.):
   atom    x    y    z
0    H  0.0  0.0  0.0

+------------------------------------------------------------------------------+
|                              Pure Diffusion MC                               |
+------------------------------------------------------------------------------+

E =  -0.496971 +- 0.069163
Ratio =  0.495667 +- 0.010743

+------------------------------------------------------------------------------+
|                                   Summary                                    |
+------------------------------------------------------------------------------+


+----------+-------------+-----------+------------+-----------+
| Method   |   Energy, E |   Sigma_E |   Ratio, A |   Sigma_A |
+==========+=============+===========+============+===========+
| PDMC     |     -0.4970 |    0.0692 |     0.4957 |    0.0107 |
+----------+-------------+-----------+------------+-----------+

Bye! :)                                            ~José Antonio Quiñonero Gris
+==============================================================================+
