
+==============================================================================+
|                             Quantum Monte Carlo                              |
+==============================================================================+


+------------------------------------------------------------------------------+
|                                  Debugging                                   |
+------------------------------------------------------------------------------+


-hamiltonian.py:
phi() -> ok
d_phi() -> ok
d2_phi() -> ok
psi() -> ok
d_psi() -> ok
d2_psi() -> ok
potential_ee() -> ok
potential_eN() -> ok
potential_NN() -> ok
potential() -> ok
kinetic_N() -> ok
kinetic_e() -> ok
kinetic() -> ok
e_loc() -> ok

-MonteCarlo.py:
average() -> ok
variance() -> ok
error() -> ok
drift_vector() -> ok
MC() -> ok

+------------------------------------------------------------------------------+
|                                    Input                                     |
+------------------------------------------------------------------------------+

Reading input...

title: H2+ molecule

Slater orbital exponent, a: 1.2

xyz (in a.u.):
   atom         x    y    z  atomic_number  nelectrons
0    H  0.000000  0.0  0.0              1           1
1    H  1.322808  0.0  0.0              1           1

Number of electrons: 2
Charge: 1
Effective number of electrons (considering charge): 1

+------------------------------------------------------------------------------+
|                                      MC                                      |
+------------------------------------------------------------------------------+

Number of MC steps: 100000
Number of MC simulations: 30
dt(VMC): 5.0
dt(metropolis): 1.0
dt(PDMC): 0.05
tau (for PDMC): 100.0
Eref (for PDMC): -0.5

+------------------------------------------------------------------------------+
|                           Variational Monte Carlo                            |
+------------------------------------------------------------------------------+

Exact results +- error:

E =  -0.518219 +- 0.001200

+------------------------------------------------------------------------------+
|                          Metropolis (symmetric) MC                           |
+------------------------------------------------------------------------------+

Exact results +- error:

E =  -0.517182 +- 0.000542
Ratio =  0.550045 +- 0.000417

+------------------------------------------------------------------------------+
|                         Metropolis (generalized) MC                          |
+------------------------------------------------------------------------------+

Exact results +- error:

E =  -0.518326 +- 0.000236
Ratio =  0.682972 +- 0.000356

+------------------------------------------------------------------------------+
|                                   Summary                                    |
+------------------------------------------------------------------------------+


+------------------------+-------------+-----------+------------+-----------+
| Method                 |   Energy, E |   Sigma_E |   Ratio, A |   Sigma_A |
+========================+=============+===========+============+===========+
| VMC                    |     -0.5182 |    0.0012 |     0.0000 |    0.0000 |
+------------------------+-------------+-----------+------------+-----------+
| Symmetric Metropolis   |     -0.5172 |    0.0005 |     0.5500 |    0.0004 |
+------------------------+-------------+-----------+------------+-----------+
| Generalized Metropolis |     -0.5183 |    0.0002 |     0.6830 |    0.0004 |
+------------------------+-------------+-----------+------------+-----------+

Bye! :)                                            ~José Antonio Quiñonero Gris
+==============================================================================+
