
+==============================================================================+
|                             Quantum Monte Carlo                              |
+==============================================================================+


+------------------------------------------------------------------------------+
|                                  Debugging                                   |
+------------------------------------------------------------------------------+


-hamiltonian.py:
phi() -> ok
d_phi() -> ok
d2_phi() -> ok
psi() -> ok
d_psi() -> ok
d2_psi() -> ok
potential_ee() -> ok
potential_eN() -> ok
potential_NN() -> ok
potential() -> ok
kinetic_N() -> ok
kinetic_e() -> ok
kinetic() -> ok
e_loc() -> ok

-MonteCarlo.py:
average() -> ok
variance() -> ok
error() -> ok
drift_vector() -> ok
MC() -> ok

+------------------------------------------------------------------------------+
|                                    Input                                     |
+------------------------------------------------------------------------------+

Reading input...

title: H2 molecule

Slater orbital exponent, a: 1.2

xyz (in a.u.):
   atom         x    y    z  atomic_number  nelectrons
0    H  0.000000  0.0  0.0              1           1
1    H  1.322808  0.0  0.0              1           1

Number of electrons: 2
Charge: 0
Effective number of electrons (considering charge): 2

+------------------------------------------------------------------------------+
|                                      MC                                      |
+------------------------------------------------------------------------------+

Number of MC steps: 100000
Number of MC simulations: 30
dt(VMC): 5.0
dt(metropolis): 1.0
dt(PDMC): 0.05
tau (for PDMC): 100.0
Eref (for PDMC): -0.5

+------------------------------------------------------------------------------+
|                           Variational Monte Carlo                            |
+------------------------------------------------------------------------------+

Exact results +- error:

E =  -1.130545 +- 0.017368

+------------------------------------------------------------------------------+
|                          Metropolis (symmetric) MC                           |
+------------------------------------------------------------------------------+

Exact results +- error:

E =  -1.127385 +- 0.000685
Ratio =  0.403379 +- 0.000243

+------------------------------------------------------------------------------+
|                         Metropolis (generalized) MC                          |
+------------------------------------------------------------------------------+

Exact results +- error:

E =  -1.127031 +- 0.001079
Ratio =  0.527425 +- 0.000353

+------------------------------------------------------------------------------+
|                                   Summary                                    |
+------------------------------------------------------------------------------+


+------------------------+-------------+-----------+------------+-----------+
| Method                 |   Energy, E |   Sigma_E |   Ratio, A |   Sigma_A |
+========================+=============+===========+============+===========+
| VMC                    |     -1.1305 |    0.0174 |     0.0000 |    0.0000 |
+------------------------+-------------+-----------+------------+-----------+
| Symmetric Metropolis   |     -1.1274 |    0.0007 |     0.4034 |    0.0002 |
+------------------------+-------------+-----------+------------+-----------+
| Generalized Metropolis |     -1.1270 |    0.0011 |     0.5274 |    0.0004 |
+------------------------+-------------+-----------+------------+-----------+

Bye! :)                                            ~José Antonio Quiñonero Gris
+==============================================================================+
