
+==============================================================================+
|                             Quantum Monte Carlo                              |
+==============================================================================+


+------------------------------------------------------------------------------+
|                                  Debugging                                   |
+------------------------------------------------------------------------------+


-hamiltonian.py:
phi() -> ok
d_phi() -> ok
d2_phi() -> ok
psi() -> ok
d_psi() -> ok
d2_psi() -> ok
potential_ee() -> ok
potential_eN() -> ok
potential_NN() -> ok
potential() -> ok
kinetic_N() -> ok
kinetic_e() -> ok
kinetic() -> ok
e_loc() -> ok

-MonteCarlo.py:
average() -> ok
variance() -> ok
error() -> ok
drift_vector() -> ok
MC() -> ok

+------------------------------------------------------------------------------+
|                                    Input                                     |
+------------------------------------------------------------------------------+

Reading input...

title: H3+ molecule

Slater orbital exponent, a: 1.2

xyz (in a.u.):
   atom         x    y         z  atomic_number  nelectrons
0    H -0.093016  0.0 -0.161109              1           1
1    H -0.093016  0.0  1.483917              1           1
2    H  1.331618  0.0  0.661404              1           1

Number of electrons: 3
Charge: 1
Effective number of electrons (considering charge): 2

+------------------------------------------------------------------------------+
|                                      MC                                      |
+------------------------------------------------------------------------------+

Number of MC steps: 100000
Number of MC simulations: 30
dt(VMC): 5.0
dt(metropolis): 1.0
dt(PDMC): 0.05
tau (for PDMC): 100.0
Eref (for PDMC): -0.5

+------------------------------------------------------------------------------+
|                           Variational Monte Carlo                            |
+------------------------------------------------------------------------------+

Exact results +- error:

E =  -1.235070 +- 0.009138

+------------------------------------------------------------------------------+
|                          Metropolis (symmetric) MC                           |
+------------------------------------------------------------------------------+

Exact results +- error:

E =  -1.229597 +- 0.001010
Ratio =  0.443792 +- 0.000443

+------------------------------------------------------------------------------+
|                         Metropolis (generalized) MC                          |
+------------------------------------------------------------------------------+

Exact results +- error:

E =  -1.230854 +- 0.000530
Ratio =  0.595587 +- 0.000394

+------------------------------------------------------------------------------+
|                                   Summary                                    |
+------------------------------------------------------------------------------+


+------------------------+-------------+-----------+------------+-----------+
| Method                 |   Energy, E |   Sigma_E |   Ratio, A |   Sigma_A |
+========================+=============+===========+============+===========+
| VMC                    |     -1.2351 |    0.0091 |     0.0000 |    0.0000 |
+------------------------+-------------+-----------+------------+-----------+
| Symmetric Metropolis   |     -1.2296 |    0.0010 |     0.4438 |    0.0004 |
+------------------------+-------------+-----------+------------+-----------+
| Generalized Metropolis |     -1.2309 |    0.0005 |     0.5956 |    0.0004 |
+------------------------+-------------+-----------+------------+-----------+

Bye! :)                                            ~José Antonio Quiñonero Gris
+==============================================================================+
