
+==============================================================================+
|                             Quantum Monte Carlo                              |
+==============================================================================+


+------------------------------------------------------------------------------+
|                                Initialization                                |
+------------------------------------------------------------------------------+

Debugging:
potential ok

Reading input...

title: He atom

Number of electrons: 2
Charge: 0
Total number of electrons: 2
xyz (in a.u.):
   atom    x    y    z
0   He  0.0  0.0  0.0

+------------------------------------------------------------------------------+
|                              Pure Diffusion MC                               |
+------------------------------------------------------------------------------+

E =  -0.991258 +- 0.134877
Ratio =  0.744500 +- 0.019066

+------------------------------------------------------------------------------+
|                                   Summary                                    |
+------------------------------------------------------------------------------+


+----------+-------------+-----------+------------+-----------+
| Method   |   Energy, E |   Sigma_E |   Ratio, A |   Sigma_A |
+==========+=============+===========+============+===========+
| PDMC     |     -0.9913 |    0.1349 |     0.7445 |    0.0191 |
+----------+-------------+-----------+------------+-----------+

Bye! :)                                            ~José Antonio Quiñonero Gris
+==============================================================================+
